Arguments: 
  C:\Program Files\nodejs\node.exe C:\Users\Administrator\AppData\Roaming\npm\node_modules\yarn\bin\yarn.js

PATH: 
  C:\Windows\system32;C:\Windows;C:\Windows\System32\Wbem;C:\Windows\System32\WindowsPowerShell\v1.0\;C:\Windows\System32\OpenSSH\;C:\Program Files\TortoiseGit\bin;C:\Program Files\Git\cmd;C:\Program Files (x86)\NetSarang\Xshell 7\;C:\Program Files (x86)\NetSarang\Xftp 7\;C:\Program Files\nodejs\;C:\Users\Administrator\AppData\Local\Microsoft\WindowsApps;C:\Users\Administrator\AppData\Roaming\Tencent\QQGameTempest\Hall.57773\;C:\Users\Administrator\AppData\Roaming\npm

Yarn version: 
  1.22.10

Node version: 
  16.15.0

Platform: 
  win32 x64

Trace: 
  Error: https://registry.npmjs.org/@ml%2flint: Not found
      at Request.params.callback [as _callback] (C:\Users\Administrator\AppData\Roaming\npm\node_modules\yarn\lib\cli.js:66988:18)
      at Request.self.callback (C:\Users\Administrator\AppData\Roaming\npm\node_modules\yarn\lib\cli.js:140662:22)
      at Request.emit (node:events:527:28)
      at Request.<anonymous> (C:\Users\Administrator\AppData\Roaming\npm\node_modules\yarn\lib\cli.js:141634:10)
      at Request.emit (node:events:527:28)
      at IncomingMessage.<anonymous> (C:\Users\Administrator\AppData\Roaming\npm\node_modules\yarn\lib\cli.js:141556:12)
      at Object.onceWrapper (node:events:641:28)
      at IncomingMessage.emit (node:events:539:35)
      at endReadableNT (node:internal/streams/readable:1345:12)
      at processTicksAndRejections (node:internal/process/task_queues:83:21)

npm manifest: 
  {
    "name": "ml-component",
    "version": "1.0.7",
    "description": "ml组件库",
    "files": [
      "dist",
      "types"
    ],
    "types": "types",
    "main": "./dist/ml-components.es.js",
    "exports": {
      ".": {
        "import": "./dist/ml-components.es.js"
      }
    },
    "scripts": {
      "dev": "vite",
      "build": "vite build",
      "docs": "vite build --config vite.docs.ts",
      "test": "jest",
      "prettier": "prettier --write ./**"
    },
    "repository": {
      "type": "git",
      "url": "https://github.com/menglimu/ml-components.git"
    },
    "keywords": [
      "vite",
      "vue2",
      "mlcomponents"
    ],
    "author": "wenlin",
    "license": "ISC",
    "bugs": {
      "url": "https://github.com/menglimu/ml-components/issues"
    },
    "homepage": "https://github.com/menglimu/ml-components#readme",
    "devDependencies": {
      "@ml/lint": "^1.2.0",
      "@types/jest": "^26.0.23",
      "@types/lodash": "^4.14.170",
      "@types/node": "^15.12.4",
      "highlight.js": "^11.0.1",
      "jest": "^27.0.4",
      "sass": "^1.35.1",
      "ts-jest": "^27.0.3",
      "typescript": "^4.1.3",
      "vite": "^2.3.5",
      "vite-plugin-vue2": "^1.6.2",
      "vue-router": "^3.5.1"
    },
    "peerDependencies": {},
    "dependencies": {
      "dplayer": "^1.26.0",
      "echarts": "^5.1.2",
      "element-ui": "^2.15.2",
      "lodash": "^4.17.21",
      "vue": "^2.6.13"
    }
  }

yarn manifest: 
  No manifest

Lockfile: 
  No lockfile
